SF:lib\src\core\network\network_info.dart
DA:10,1
DA:12,1
DA:14,2
LF:3
LH:3
end_of_record
SF:lib\src\features\number_trivia\data\datasources\number_trivia_local_datasource.dart
DA:21,2
DA:24,2
DA:25,4
DA:28,2
DA:31,6
DA:34,2
DA:36,8
LF:7
LH:7
end_of_record
SF:lib\src\features\number_trivia\data\models\number_trivia_model.dart
DA:5,5
DA:8,5
DA:10,4
DA:11,4
DA:12,8
DA:13,4
DA:17,3
DA:18,3
DA:19,3
DA:20,3
LF:10
LH:10
end_of_record
SF:lib\src\features\number_trivia\domain\entities\number_trivia.dart
DA:10,7
DA:17,4
DA:18,20
LF:3
LH:3
end_of_record
SF:lib\src\core\error\failures.dart
DA:4,2
DA:5,2
LF:2
LH:2
end_of_record
SF:lib\src\core\util\input_converter.dart
DA:5,1
DA:7,1
DA:8,2
DA:10,1
DA:11,1
DA:12,2
LF:6
LH:6
end_of_record
SF:lib\src\features\number_trivia\data\datasources\number_trivia_remote_datasource.dart
DA:24,1
DA:26,1
DA:28,2
DA:31,1
DA:33,1
DA:36,1
DA:37,3
DA:38,1
DA:39,1
DA:42,2
DA:43,1
DA:46,3
LF:12
LH:12
end_of_record
SF:lib\src\features\number_trivia\data\repositories\number_trivia_repository_impl.dart
DA:17,1
DA:24,1
DA:26,3
DA:30,3
DA:31,2
DA:32,1
DA:33,1
DA:34,2
DA:38,3
DA:39,1
DA:40,1
DA:41,2
DA:47,1
DA:48,3
DA:52,3
DA:53,2
DA:54,1
DA:55,1
DA:56,2
DA:61,3
DA:62,1
DA:63,1
DA:64,2
LF:23
LH:23
end_of_record
SF:lib\src\features\number_trivia\domain\usecases\get_concrete_number_trivia.dart
DA:13,1
DA:16,1
DA:17,4
DA:24,1
DA:28,0
DA:29,0
LF:6
LH:4
end_of_record
SF:lib\src\core\usecases\use_case.dart
DA:10,0
DA:11,0
LF:2
LH:0
end_of_record
SF:lib\src\features\number_trivia\domain\usecases\get_random_number_trivia.dart
DA:11,0
DA:14,0
DA:15,0
LF:3
LH:0
end_of_record
SF:lib\src\features\number_trivia\presentation\bloc\number_trivia_event.dart
DA:4,0
DA:6,0
DA:7,0
DA:13,0
LF:4
LH:0
end_of_record
SF:lib\src\features\number_trivia\presentation\bloc\number_trivia_state.dart
DA:4,1
DA:6,1
DA:7,1
DA:17,0
DA:22,0
LF:5
LH:3
end_of_record
SF:lib\src\features\number_trivia\presentation\bloc\number_trivia_bloc.dart
DA:19,1
DA:23,2
DA:26,0
LF:3
LH:2
end_of_record
